<?xml version="1.0" encoding="UTF-8"?>
<!-- Generated by org.testng.reporters.JUnitReportReporter -->
<testsuite hostname="LAPTOP-7N9U184H" failures="0" tests="1" name="com.swaglabs.testcases.TestClass" time="0.014" errors="0" timestamp="19 Aug 2021 12:25:37 GMT" skipped="0">
  <testcase classname="com.swaglabs.testcases.TestClass" name="testDemo" time="0.014"/>
</testsuite> <!-- com.swaglabs.testcases.TestClass -->
