<?xml version="1.0" encoding="UTF-8"?>
<!-- Generated by org.testng.reporters.JUnitReportReporter -->
<testsuite hostname="LAPTOP-7N9U184H" failures="0" tests="4" name="com.swaglabs.testcases.LoginTest" time="17.474" errors="0" timestamp="22 Aug 2021 04:01:19 GMT" skipped="0">
  <testcase classname="com.swaglabs.testcases.LoginTest" name="loginAsProblemUser" time="3.465"/>
  <testcase classname="com.swaglabs.testcases.LoginTest" name="loginAsPerformanceGlitchUser" time="4.354"/>
  <testcase classname="com.swaglabs.testcases.LoginTest" name="loginAsLockedUser" time="5.212"/>
  <testcase classname="com.swaglabs.testcases.LoginTest" name="loginAsStandardUser" time="4.443"/>
</testsuite> <!-- com.swaglabs.testcases.LoginTest -->
