<?xml version="1.0" encoding="UTF-8"?>
<!-- Generated by org.testng.reporters.JUnitReportReporter -->
<testsuite hostname="LAPTOP-7N9U184H" failures="0" tests="4" name="com.swaglabs.testcases.LoginTest" time="90.723" errors="0" timestamp="22 Aug 2021 05:20:33 GMT" skipped="0">
  <testcase classname="com.swaglabs.testcases.LoginTest" name="loginAsLockedUser" time="9.652"/>
  <testcase classname="com.swaglabs.testcases.LoginTest" name="loginAsProblemUser" time="64.216"/>
  <testcase classname="com.swaglabs.testcases.LoginTest" name="loginAsStandardUser" time="9.042"/>
  <testcase classname="com.swaglabs.testcases.LoginTest" name="loginAsPerformanceGlitchUser" time="7.813"/>
</testsuite> <!-- com.swaglabs.testcases.LoginTest -->
